\BOOKMARK [0][-]{chapter.1}{\376\377\000I\000n\000t\000r\000o\000d\000u\000c\000e\000r\000e}{}% 1
\BOOKMARK [1][-]{section.1.1}{\376\377\000T\000i\000p\000u\000l\000\040\000l\000u\000c\000r\001\003\000r\000i\000i\000\040\002\031\000i\000\040\000\356\000n\000c\000a\000d\000r\000a\000r\000e\000a\000\040\000t\000e\000m\000e\000i}{chapter.1}% 2
\BOOKMARK [1][-]{section.1.2}{\376\377\000P\000r\000e\000z\000e\000n\000t\000a\000r\000e\000a\000\040\000g\000e\000n\000e\000r\000a\000l\001\003\000\040\000a\000\040\000t\000e\000m\000e\000i}{chapter.1}% 3
\BOOKMARK [1][-]{section.1.3}{\376\377\000S\000c\000o\000p\000u\000l\000\040\002\031\000i\000\040\000m\000o\000t\000i\000v\000a\002\033\000i\000a\000\040\000a\000l\000e\000g\000e\000r\000i\000i\000\040\000t\000e\000m\000e\000i}{chapter.1}% 4
\BOOKMARK [1][-]{section.1.4}{\376\377\000C\000o\000n\000t\000r\000i\000b\000u\002\033\000i\000a\000\040\000p\000r\000o\000p\000r\000i\000e\000\040\000\050\000p\000e\000\040\000s\000c\000u\000r\000t\000\051}{chapter.1}% 5
\BOOKMARK [1][-]{section.1.5}{\376\377\000S\000t\000r\000u\000c\000t\000u\000r\000a\000\040\000l\000u\000c\000r\001\003\000r\000i\000i}{chapter.1}% 6
\BOOKMARK [0][-]{chapter.2}{\376\377\000P\000r\000e\000l\000i\000m\000i\000n\000a\000r\000i\000i}{}% 7
\BOOKMARK [1][-]{section.2.1}{\376\377\000T\000e\000h\000n\000o\000l\000o\000g\000i\000i\000\040\000d\000e\000\040\000b\000a\000z\001\003}{chapter.2}% 8
\BOOKMARK [1][-]{section.2.2}{\376\377\000R\000e\000g\001\003\000s\000i\000r\000e\000a\000\040\000i\000n\000f\000o\000r\000m\000a\002\033\000i\000e\000i\000\040\002\031\000i\000\040\000c\001\003\000u\000t\000a\000r\000e\000a\000\040\000f\000u\000l\000l\000-\000t\000e\000x\000t}{chapter.2}% 9
\BOOKMARK [1][-]{section.2.3}{\376\377\000M\000o\000d\000e\000l\000e\000\040\000d\000e\000\040\000c\000i\000t\000i\000r\000e\000\040\000s\000e\000p\000a\000r\000a\000t\000e\000\040\002\031\000i\000\040\000c\000o\000n\000s\000i\000s\000t\000e\000n\002\033\001\003\000\040\000e\000v\000e\000n\000t\000u\000a\000l\001\003}{chapter.2}% 10
\BOOKMARK [1][-]{section.2.4}{\376\377\000I\000m\000u\000a\000b\000i\000l\000i\000t\000a\000t\000e\000a\000\040\000i\000s\000t\000o\000r\000i\000c\000u\000l\000u\000i}{chapter.2}% 11
\BOOKMARK [1][-]{section.2.5}{\376\377\000D\000e\000\040\000u\000n\000d\000e\000\040\000v\000i\000n\000\040\000r\000e\000g\000u\000l\000i\000l\000e\000\040\000a\000n\000a\000l\000i\000z\000o\000r\000u\000l\000u\000i}{chapter.2}% 12
\BOOKMARK [1][-]{section.2.6}{\376\377\000O\000b\000i\000e\000c\000t\000i\000v\000e\000l\000e\000\040\000l\000u\000c\000r\001\003\000r\000i\000i}{chapter.2}% 13
\BOOKMARK [0][-]{chapter.3}{\376\377\000C\000o\000n\000t\000r\000i\000b\000u\002\033\000i\000a\000\040\000p\000r\000o\000p\000r\000i\000e}{}% 14
\BOOKMARK [1][-]{section.3.1}{\376\377\000C\000e\000r\000i\000n\002\033\000e\000\040\002\031\000i\000\040\000p\000r\000e\000z\000e\000n\000t\000a\000r\000e\000\040\000g\000e\000n\000e\000r\000a\000l\001\003\000\040\000a\000\040\000s\000i\000s\000t\000e\000m\000u\000l\000u\000i}{chapter.3}% 15
\BOOKMARK [1][-]{section.3.2}{\376\377\000A\000r\000h\000i\000t\000e\000c\000t\000u\000r\000a\000\040\000s\000i\000s\000t\000e\000m\000u\000l\000u\000i}{chapter.3}% 16
\BOOKMARK [1][-]{section.3.3}{\376\377\000M\000o\000d\000e\000l\000u\000l\000\040\000d\000e\000\040\000d\000a\000t\000e\000\040\002\031\000i\000\040\000p\000r\000i\000n\000c\000i\000p\000i\000u\000l\000\040\000i\000n\000s\000t\000a\000n\000t\000a\000n\000e\000e\000l\000o\000r}{chapter.3}% 17
\BOOKMARK [1][-]{section.3.4}{\376\377\000M\000o\000d\000e\000l\000u\000l\000\040\000d\000e\000\040\000s\000e\000c\000u\000r\000i\000t\000a\000t\000e}{chapter.3}% 18
\BOOKMARK [1][-]{section.3.5}{\376\377\000F\000u\000n\000c\002\033\000i\000o\000n\000a\000l\000i\000t\001\003\002\033\000i\000l\000e\000\040\000a\000p\000l\000i\000c\000a\002\033\000i\000e\000i}{chapter.3}% 19
\BOOKMARK [1][-]{section.3.6}{\376\377\000A\000n\000a\000l\000i\000z\000o\000r\000u\000l\000\040\000s\000t\000r\000u\000c\000t\000u\000r\000a\000l\000\040\000i\000n\000f\000o\000r\000m\000a\000t\000\040\000d\000e\000\040\000d\000o\000v\000e\000z\000i}{chapter.3}% 20
\BOOKMARK [1][-]{section.3.7}{\376\377\000M\000o\000d\000e\000l\000u\000l\000\040\000d\000e\000\040\000c\000i\000t\000i\000r\000e\000\040\000p\000e\000n\000t\000r\000u\000\040\000c\001\003\000u\000t\000a\000r\000e\000\040\000\050\000O\000p\000e\000n\000S\000e\000a\000r\000c\000h\000\051}{chapter.3}% 21
\BOOKMARK [1][-]{section.3.8}{\376\377\000E\000v\000a\000l\000u\000a\000r\000e\000a\000\040\000e\000m\000p\000i\000r\000i\000c\001\003\000:\000\040\000O\000p\000e\000n\000S\000e\000a\000r\000c\000h\000\040\000v\000s\000.\000\040\000P\000o\000s\000t\000g\000r\000e\000S\000Q\000L}{chapter.3}% 22
\BOOKMARK [1][-]{section.3.9}{\376\377\000M\000o\000d\000u\000l\000\040\000d\000e\000\040\000c\000o\000a\000c\000h\000i\000n\000g\000:\000\040\000R\000B\000A\000C\000\040\000p\000l\000u\000s\000\040\000R\000e\000B\000A\000C}{chapter.3}% 23
\BOOKMARK [1][-]{section.3.10}{\376\377\000S\000t\000r\000a\000t\000e\000g\000i\000a\000\040\000d\000e\000\040\000t\000e\000s\000t\000a\000r\000e}{chapter.3}% 24
\BOOKMARK [1][-]{section.3.11}{\376\377\000D\000i\000r\000e\000c\002\033\000i\000i\000\040\000d\000e\000\040\000d\000e\000z\000v\000o\000l\000t\000a\000r\000e\000\040\000p\000r\000o\000i\000e\000c\000t\000a\000t\000e}{chapter.3}% 25
\BOOKMARK [0][-]{chapter.4}{\376\377\000C\000o\000n\000c\000l\000u\000z\000i\000i}{}% 26
\BOOKMARK [1][-]{section.4.1}{\376\377\000C\000o\000n\000c\000l\000u\000z\000i\000i\000\040\000p\000r\000i\000v\000i\000n\000d\000\040\000r\000e\000a\000l\000i\000z\000a\000r\000e\000a\000\040\000t\000e\000m\000e\000i}{chapter.4}% 27
\BOOKMARK [1][-]{section.4.2}{\376\377\000A\000p\000r\000e\000c\000i\000e\000r\000i\000\040\000p\000e\000r\000s\000o\000n\000a\000l\000e\000\040\000p\000r\000i\000v\000i\000n\000d\000\040\000r\000e\000l\000e\000v\000a\000n\002\033\000a\000\040\000r\000e\000z\000u\000l\000t\000a\000t\000e\000l\000o\000r}{chapter.4}% 28
\BOOKMARK [1][-]{section.4.3}{\376\377\000D\000e\000z\000v\000o\000l\000t\001\003\000r\000i\000\040\000u\000l\000t\000e\000r\000i\000o\000a\000r\000e}{chapter.4}% 29
\BOOKMARK [0][-]{chapter*.23}{\376\377\000B\000i\000b\000l\000i\000o\000g\000r\000a\000f\000i\000e}{}% 30
\BOOKMARK [0][-]{chapter*.24}{\376\377\000A\000n\000e\000x\000a\000\040\0001\000\040\040\024\000\040\000C\000a\000p\000t\000u\000r\000i\000\040\000d\000e\000\040\000e\000c\000r\000a\000n\000\040\000a\000l\000e\000\040\000i\000n\000t\000e\000r\000f\000e\002\033\000e\000i}{}% 31
\BOOKMARK [0][-]{chapter*.25}{\376\377\000A\000n\000e\000x\000a\000\040\0002\000\040\040\024\000\040\000S\000c\000h\000e\000m\000a\000\040\000b\000a\000z\000e\000i\000\040\000d\000e\000\040\000d\000a\000t\000e}{}% 32
\BOOKMARK [0][-]{chapter*.26}{\376\377\000A\000n\000e\000x\000a\000\040\0003\000\040\040\024\000\040\000L\000i\000s\000t\001\003\000r\000i\000\040\000d\000e\000\040\000c\000o\000d\000\040\000r\000e\000p\000r\000e\000z\000e\000n\000t\000a\000t\000i\000v\000e}{}% 33
\BOOKMARK [0][-]{chapter*.27}{\376\377\000A\000n\000e\000x\000a\000\040\0004\000\040\040\024\000\040\000R\000e\000z\000u\000l\000t\000a\000t\000e\000l\000e\000\040\000c\000o\000m\000p\000l\000e\000t\000e\000\040\000a\000l\000e\000\040\000e\000v\000a\000l\000u\001\003\000r\000i\000i}{}% 34
\BOOKMARK [0][-]{chapter*.28}{\376\377\000A\000n\000e\000x\000a\000\040\0005\000\040\040\024\000\040\000C\000o\000n\000t\000r\000a\000c\000t\000u\000l\000\040\000A\000P\000I\000\040\000\050\000s\000e\000l\000e\000c\002\033\000i\000e\000\051}{}% 35
\BOOKMARK [0][-]{chapter*.29}{\376\377\000A\000n\000e\000x\000a\000\040\0006\000\040\040\024\000\040\000C\000o\000n\000f\000i\000g\000u\000r\000a\002\033\000i\000e\000\040\002\031\000i\000\040\000r\000u\000l\000a\000r\000e}{}% 36
