[INFO] Scanning for projects...
[INFO] 
[INFO] ------------------------< com.licenta:workout >-------------------------
[INFO] Building workout 0.0.1-SNAPSHOT
[INFO]   from pom.xml
[INFO] --------------------------------[ jar ]---------------------------------
[INFO] 
[INFO] >>> spring-boot:3.3.0:run (default-cli) > test-compile @ workout >>>
[INFO] 
[INFO] --- resources:3.3.1:resources (default-resources) @ workout ---
[INFO] Copying 1 resource from src\main\resources to target\classes
[INFO] Copying 5 resources from src\main\resources to target\classes
[INFO] 
[INFO] --- compiler:3.13.0:compile (default-compile) @ workout ---
[INFO] Nothing to compile - all classes are up to date.
[INFO] 
[INFO] --- resources:3.3.1:testResources (default-testResources) @ workout ---
[INFO] skip non existing resourceDirectory C:\Users\Alexandru\Desktop\Licenta\src\test\resources
[INFO] 
[INFO] --- compiler:3.13.0:testCompile (default-testCompile) @ workout ---
[INFO] Nothing to compile - all classes are up to date.
[INFO] 
[INFO] <<< spring-boot:3.3.0:run (default-cli) < test-compile @ workout <<<
[INFO] 
[INFO] 
[INFO] --- spring-boot:3.3.0:run (default-cli) @ workout ---
[INFO] Attaching agents: []
  .   ____          _            __ _ _
 /\\ / ___'_ __ _ _(_)_ __  __ _ \ \ \ \
( ( )\___ | '_ | '_| | '_ \/ _` | \ \ \ \
 \\/  ___)| |_)| | | | | || (_| |  ) ) ) )
  '  |____| .__|_| |_|_| |_\__, | / / / /
 =========|_|==============|___/=/_/_/_/

 :: Spring Boot ::                (v3.3.0)

2026-06-13T21:55:38.766+03:00  INFO 32952 --- [workout] [           main] com.licenta.workout.WorkoutApplication   : Starting WorkoutApplication using Java 21.0.7 with PID 32952 (C:\Users\Alexandru\Desktop\Licenta\target\classes started by Alexandru in C:\Users\Alexandru\Desktop\Licenta)
2026-06-13T21:55:38.769+03:00  INFO 32952 --- [workout] [           main] com.licenta.workout.WorkoutApplication   : No active profile set, falling back to 1 default profile: "default"
2026-06-13T21:55:39.497+03:00  INFO 32952 --- [workout] [           main] .s.d.r.c.RepositoryConfigurationDelegate : Bootstrapping Spring Data JPA repositories in DEFAULT mode.
2026-06-13T21:55:39.602+03:00  INFO 32952 --- [workout] [           main] .s.d.r.c.RepositoryConfigurationDelegate : Finished Spring Data repository scanning in 95 ms. Found 12 JPA repository interfaces.
2026-06-13T21:55:40.192+03:00  INFO 32952 --- [workout] [           main] o.s.b.w.embedded.tomcat.TomcatWebServer  : Tomcat initialized with port 8080 (http)
2026-06-13T21:55:40.205+03:00  INFO 32952 --- [workout] [           main] o.apache.catalina.core.StandardService   : Starting service [Tomcat]
2026-06-13T21:55:40.205+03:00  INFO 32952 --- [workout] [           main] o.apache.catalina.core.StandardEngine    : Starting Servlet engine: [Apache Tomcat/10.1.24]
2026-06-13T21:55:40.262+03:00  INFO 32952 --- [workout] [           main] o.a.c.c.C.[Tomcat].[localhost].[/]       : Initializing Spring embedded WebApplicationContext
2026-06-13T21:55:40.263+03:00  INFO 32952 --- [workout] [           main] w.s.c.ServletWebServerApplicationContext : Root WebApplicationContext: initialization completed in 1454 ms
2026-06-13T21:55:40.492+03:00  INFO 32952 --- [workout] [           main] com.zaxxer.hikari.HikariDataSource       : HikariPool-1 - Starting...
2026-06-13T21:55:40.691+03:00  INFO 32952 --- [workout] [           main] com.zaxxer.hikari.pool.HikariPool        : HikariPool-1 - Added connection conn0: url=jdbc:h2:mem:workout user=SA
2026-06-13T21:55:40.695+03:00  INFO 32952 --- [workout] [           main] com.zaxxer.hikari.HikariDataSource       : HikariPool-1 - Start completed.
2026-06-13T21:55:40.755+03:00  INFO 32952 --- [workout] [           main] org.flywaydb.core.FlywayExecutor         : Database: jdbc:h2:mem:workout (H2 2.2)
2026-06-13T21:55:40.762+03:00  WARN 32952 --- [workout] [           main] o.f.c.internal.database.base.Database    : Flyway upgrade recommended: H2 2.2.224 is newer than this version of Flyway and support has not been tested. The latest supported version of H2 is 2.2.220.
2026-06-13T21:55:40.792+03:00  INFO 32952 --- [workout] [           main] o.f.c.i.s.JdbcTableSchemaHistory         : Schema history table "public"."flyway_schema_history" does not exist yet
2026-06-13T21:55:40.797+03:00  INFO 32952 --- [workout] [           main] o.f.core.internal.command.DbValidate     : Successfully validated 2 migrations (execution time 00:00.021s)
2026-06-13T21:55:40.807+03:00  INFO 32952 --- [workout] [           main] o.f.c.i.s.JdbcTableSchemaHistory         : Creating Schema History table "public"."flyway_schema_history" ...
2026-06-13T21:55:40.844+03:00  INFO 32952 --- [workout] [           main] o.f.core.internal.command.DbMigrate      : Current version of schema "public": << Empty Schema >>
2026-06-13T21:55:40.857+03:00  INFO 32952 --- [workout] [           main] o.f.core.internal.command.DbMigrate      : Migrating schema "public" to version "1 - create core workout schema"
2026-06-13T21:55:40.909+03:00  INFO 32952 --- [workout] [           main] o.f.core.internal.command.DbMigrate      : Migrating schema "public" to version "2 - add live workout controls"
2026-06-13T21:55:40.930+03:00  INFO 32952 --- [workout] [           main] o.f.core.internal.command.DbMigrate      : Successfully applied 2 migrations to schema "public", now at version v2 (execution time 00:00.054s)
2026-06-13T21:55:41.014+03:00  INFO 32952 --- [workout] [           main] o.hibernate.jpa.internal.util.LogHelper  : HHH000204: Processing PersistenceUnitInfo [name: default]
2026-06-13T21:55:41.068+03:00  INFO 32952 --- [workout] [           main] org.hibernate.Version                    : HHH000412: Hibernate ORM core version 6.5.2.Final
2026-06-13T21:55:41.097+03:00  INFO 32952 --- [workout] [           main] o.h.c.internal.RegionFactoryInitiator    : HHH000026: Second-level cache disabled
2026-06-13T21:55:41.389+03:00  INFO 32952 --- [workout] [           main] o.s.o.j.p.SpringPersistenceUnitInfo      : No LoadTimeWeaver setup: ignoring JPA class transformer
2026-06-13T21:55:42.396+03:00  INFO 32952 --- [workout] [           main] o.h.e.t.j.p.i.JtaPlatformInitiator       : HHH000489: No JTA platform available (set 'hibernate.transaction.jta.platform' to enable JTA platform integration)
2026-06-13T21:55:42.418+03:00  INFO 32952 --- [workout] [           main] j.LocalContainerEntityManagerFactoryBean : Initialized JPA EntityManagerFactory for persistence unit 'default'
2026-06-13T21:55:42.866+03:00  INFO 32952 --- [workout] [           main] o.s.d.j.r.query.QueryEnhancerFactory     : Hibernate is in classpath; If applicable, HQL parser will be used.
2026-06-13T21:55:43.260+03:00  INFO 32952 --- [workout] [           main] r$InitializeUserDetailsManagerConfigurer : Global AuthenticationManager configured with UserDetailsService bean with name appUserDetailsService
2026-06-13T21:55:43.368+03:00  INFO 32952 --- [workout] [           main] o.s.b.a.w.s.WelcomePageHandlerMapping    : Adding welcome page: class path resource [static/index.html]
2026-06-13T21:55:43.562+03:00  INFO 32952 --- [workout] [           main] o.s.s.web.DefaultSecurityFilterChain     : Will secure any request with [org.springframework.security.web.session.DisableEncodeUrlFilter@1313dea8, org.springframework.security.web.context.request.async.WebAsyncManagerIntegrationFilter@74bca236, org.springframework.security.web.context.SecurityContextHolderFilter@61fb3dae, org.springframework.security.web.header.HeaderWriterFilter@771c4015, org.springframework.web.filter.CorsFilter@526fbb80, org.springframework.security.web.authentication.logout.LogoutFilter@77198cce, org.springframework.security.web.authentication.www.BasicAuthenticationFilter@10fef6da, org.springframework.security.web.savedrequest.RequestCacheAwareFilter@6d4bdb75, org.springframework.security.web.servletapi.SecurityContextHolderAwareRequestFilter@3d0c88f4, org.springframework.security.web.authentication.AnonymousAuthenticationFilter@33dcbdc2, org.springframework.security.web.session.SessionManagementFilter@61d1315b, org.springframework.security.web.access.ExceptionTranslationFilter@49e3b86b, org.springframework.security.web.access.intercept.AuthorizationFilter@f573dcb]
2026-06-13T21:55:43.798+03:00  INFO 32952 --- [workout] [           main] o.s.b.w.embedded.tomcat.TomcatWebServer  : Tomcat started on port 8080 (http) with context path '/'
2026-06-13T21:55:43.810+03:00  INFO 32952 --- [workout] [           main] com.licenta.workout.WorkoutApplication   : Started WorkoutApplication in 5.375 seconds (process running for 5.709)
2026-06-13T21:55:47.628+03:00  INFO 32952 --- [workout] [nio-8080-exec-3] o.a.c.c.C.[Tomcat].[localhost].[/]       : Initializing Spring DispatcherServlet 'dispatcherServlet'
2026-06-13T21:55:47.629+03:00  INFO 32952 --- [workout] [nio-8080-exec-3] o.s.web.servlet.DispatcherServlet        : Initializing Servlet 'dispatcherServlet'
2026-06-13T21:55:47.631+03:00  INFO 32952 --- [workout] [nio-8080-exec-3] o.s.web.servlet.DispatcherServlet        : Completed initialization in 1 ms
